d:\programming\c++ projects\3d visualizator_v5\3d visualizator_v5\debug\my3dvisualizator_v5.form1.resources
d:\programming\c++ projects\3d visualizator_v5\3d visualizator_v5\debug\my3dvisualizator_v5.formdemo.resources
d:\programming\c++ projects\3d visualizator_v5\3d visualizator_v5\debug\my3dvisualizator_v5.formload.resources
d:\programming\c++ projects\3d visualizator_v5\3d visualizator_v5\debug\my3dvisualizator_v5.formmain.resources
d:\programming\c++ projects\3d visualizator_v5\3d visualizator_v5\debug\my3dvisualizator_v5.form_process.resources
d:\programming\c++ projects\3d visualizator_v5\3d visualizator_v5\debug\vc141.pdb
d:\programming\c++ projects\3d visualizator_v5\3d visualizator_v5\debug\graph.obj
d:\programming\c++ projects\3d visualizator_v5\3d visualizator_v5\debug\calculator from opn.obj
d:\programming\c++ projects\3d visualizator_v5\3d visualizator_v5\debug\.netframework,version=v4.0.assemblyattributes.obj
d:\programming\c++ projects\3d visualizator_v5\3d visualizator_v5\debug\.netframework,version=v4.0.assemblyattributes.asm
d:\programming\c++ projects\3d visualizator_v5\3d visualizator_v5\debug\3d visualizator_v5.pch
d:\programming\c++ projects\3d visualizator_v5\3d visualizator_v5\debug\stdafx.obj
d:\programming\c++ projects\3d visualizator_v5\3d visualizator_v5\debug\translate to opn.obj
d:\programming\c++ projects\3d visualizator_v5\3d visualizator_v5\debug\funcs of forms.obj
d:\programming\c++ projects\3d visualizator_v5\3d visualizator_v5\debug\func.obj
d:\programming\c++ projects\3d visualizator_v5\3d visualizator_v5\debug\conversions.obj
d:\programming\c++ projects\3d visualizator_v5\3d visualizator_v5\debug\opengl funcs.obj
d:\programming\c++ projects\3d visualizator_v5\3d visualizator_v5\debug\assemblyinfo.obj
d:\programming\c++ projects\3d visualizator_v5\3d visualizator_v5\debug\3d visualizator_v5.obj
d:\programming\c++ projects\3d visualizator_v5\debug\3d visualizator_v5.exe
d:\programming\c++ projects\3d visualizator_v5\debug\3d visualizator_v5.pdb
d:\programming\c++ projects\3d visualizator_v5\3d visualizator_v5\debug\app.res
d:\programming\c++ projects\3d visualizator_v5\3d visualizator_v5\debug\3d visualizator_v5.vcxproj.generateresource.cache
d:\programming\c++ projects\3d visualizator_v5\3d visualizator_v5\debug\3d visualizator_v5.vcxprojassemblyreference.cache
d:\programming\c++ projects\3d visualizator_v5\3d visualizator_v5\debug\3d visua.ab0e337d.tlog\3d visualizator_v5.write.1u.tlog
d:\programming\c++ projects\3d visualizator_v5\3d visualizator_v5\debug\3d visua.ab0e337d.tlog\cl.command.1.tlog
d:\programming\c++ projects\3d visualizator_v5\3d visualizator_v5\debug\3d visua.ab0e337d.tlog\cl.read.1.tlog
d:\programming\c++ projects\3d visualizator_v5\3d visualizator_v5\debug\3d visua.ab0e337d.tlog\cl.write.1.tlog
d:\programming\c++ projects\3d visualizator_v5\3d visualizator_v5\debug\3d visua.ab0e337d.tlog\link.command.1.tlog
d:\programming\c++ projects\3d visualizator_v5\3d visualizator_v5\debug\3d visua.ab0e337d.tlog\link.read.1.tlog
d:\programming\c++ projects\3d visualizator_v5\3d visualizator_v5\debug\3d visua.ab0e337d.tlog\link.write.1.tlog
d:\programming\c++ projects\3d visualizator_v5\3d visualizator_v5\debug\3d visua.ab0e337d.tlog\metagen.read.1.tlog
d:\programming\c++ projects\3d visualizator_v5\3d visualizator_v5\debug\3d visua.ab0e337d.tlog\metagen.write.1.tlog
d:\programming\c++ projects\3d visualizator_v5\3d visualizator_v5\debug\3d visua.ab0e337d.tlog\rc.command.1.tlog
d:\programming\c++ projects\3d visualizator_v5\3d visualizator_v5\debug\3d visua.ab0e337d.tlog\rc.read.1.tlog
d:\programming\c++ projects\3d visualizator_v5\3d visualizator_v5\debug\3d visua.ab0e337d.tlog\rc.write.1.tlog
d:\programming\c++ projects\3d visualizator_v5\3d visualizator_v5\debug\3d visua.ab0e337d.tlog\tzres.dll.bi
